<?xml version="1.0" encoding="UTF-8"?>
<robot generator="Robot 6.1.1 (Python 3.11.3 on win32)" generated="20230906 21:30:03.241" rpa="false" schemaversion="4">
<suite id="s1" name="DDT3 excel" source="C:\Users\HP\PycharmProjects\pythonProject\Testcases\DDT3_excel.robot">
<kw name="Open my Browser" library="login_resources" type="SETUP">
<kw name="Open Browser" library="SeleniumLibrary">
<arg>${LOGIN URL}</arg>
<arg>${Browser}</arg>
<doc>Opens a new browser instance to the optional ``url``.</doc>
<msg timestamp="20230906 21:30:15.428" level="INFO">Opening browser 'Chrome' to base url 'https://admin-demo.nopcommerce.com'.</msg>
<status status="PASS" starttime="20230906 21:30:15.427" endtime="20230906 21:30:56.111"/>
</kw>
<kw name="Maximize Browser Window" library="SeleniumLibrary">
<doc>Maximizes current browser window.</doc>
<status status="PASS" starttime="20230906 21:30:56.111" endtime="20230906 21:30:56.300"/>
</kw>
<status status="PASS" starttime="20230906 21:30:15.426" endtime="20230906 21:30:56.300"/>
</kw>
<test id="s1-t1" name="LoginTestwithExcel using admin@yourstore.com and adm" line="13">
<kw name="Invalid login">
<arg>admin@yourstore.com</arg>
<arg>adm</arg>
<kw name="Input username" library="login_resources">
<arg>${username}</arg>
<kw name="Input Text" library="SeleniumLibrary">
<arg>id:Email</arg>
<arg>${username}</arg>
<doc>Types the given ``text`` into the text field identified by ``locator``.</doc>
<msg timestamp="20230906 21:30:56.380" level="INFO">Typing text 'admin@yourstore.com' into text field 'id:Email'.</msg>
<status status="PASS" starttime="20230906 21:30:56.379" endtime="20230906 21:31:00.215"/>
</kw>
<status status="PASS" starttime="20230906 21:30:56.378" endtime="20230906 21:31:00.215"/>
</kw>
<kw name="Input pwd" library="login_resources">
<arg>${password}</arg>
<kw name="Input Text" library="SeleniumLibrary">
<arg>id:Password</arg>
<arg>${password}</arg>
<doc>Types the given ``text`` into the text field identified by ``locator``.</doc>
<msg timestamp="20230906 21:31:00.217" level="INFO">Typing text 'adm' into text field 'id:Password'.</msg>
<status status="PASS" starttime="20230906 21:31:00.216" endtime="20230906 21:31:00.619"/>
</kw>
<status status="PASS" starttime="20230906 21:31:00.216" endtime="20230906 21:31:00.619"/>
</kw>
<kw name="click login button" library="login_resources">
<kw name="Click Element" library="SeleniumLibrary">
<arg>xpath://button[text()='Log in']</arg>
<doc>Click the element identified by ``locator``.</doc>
<msg timestamp="20230906 21:31:00.620" level="INFO">Clicking element 'xpath://button[text()='Log in']'.</msg>
<status status="PASS" starttime="20230906 21:31:00.620" endtime="20230906 21:31:12.847"/>
</kw>
<status status="PASS" starttime="20230906 21:31:00.619" endtime="20230906 21:31:12.847"/>
</kw>
<kw name="Error message should be visible" library="login_resources">
<kw name="Page Should Contain" library="SeleniumLibrary">
<arg>Login was unsuccessful</arg>
<doc>Verifies that current page contains ``text``.</doc>
<msg timestamp="20230906 21:31:13.226" level="INFO">Current page contains text 'Login was unsuccessful'.</msg>
<status status="PASS" starttime="20230906 21:31:12.849" endtime="20230906 21:31:13.226"/>
</kw>
<status status="PASS" starttime="20230906 21:31:12.847" endtime="20230906 21:31:13.226"/>
</kw>
<status status="PASS" starttime="20230906 21:30:56.305" endtime="20230906 21:31:13.226"/>
</kw>
<status status="PASS" starttime="20230906 21:30:56.301" endtime="20230906 21:31:13.227"/>
</test>
<test id="s1-t2" name="LoginTestwithExcel using adm@yourstore.com and admin" line="13">
<kw name="Invalid login">
<arg>adm@yourstore.com</arg>
<arg>admin</arg>
<kw name="Input username" library="login_resources">
<arg>${username}</arg>
<kw name="Input Text" library="SeleniumLibrary">
<arg>id:Email</arg>
<arg>${username}</arg>
<doc>Types the given ``text`` into the text field identified by ``locator``.</doc>
<msg timestamp="20230906 21:31:13.232" level="INFO">Typing text 'adm@yourstore.com' into text field 'id:Email'.</msg>
<status status="PASS" starttime="20230906 21:31:13.231" endtime="20230906 21:31:13.572"/>
</kw>
<status status="PASS" starttime="20230906 21:31:13.231" endtime="20230906 21:31:13.572"/>
</kw>
<kw name="Input pwd" library="login_resources">
<arg>${password}</arg>
<kw name="Input Text" library="SeleniumLibrary">
<arg>id:Password</arg>
<arg>${password}</arg>
<doc>Types the given ``text`` into the text field identified by ``locator``.</doc>
<msg timestamp="20230906 21:31:13.574" level="INFO">Typing text 'admin' into text field 'id:Password'.</msg>
<status status="PASS" starttime="20230906 21:31:13.573" endtime="20230906 21:31:13.776"/>
</kw>
<status status="PASS" starttime="20230906 21:31:13.572" endtime="20230906 21:31:13.776"/>
</kw>
<kw name="click login button" library="login_resources">
<kw name="Click Element" library="SeleniumLibrary">
<arg>xpath://button[text()='Log in']</arg>
<doc>Click the element identified by ``locator``.</doc>
<msg timestamp="20230906 21:31:13.778" level="INFO">Clicking element 'xpath://button[text()='Log in']'.</msg>
<status status="PASS" starttime="20230906 21:31:13.777" endtime="20230906 21:31:14.665"/>
</kw>
<status status="PASS" starttime="20230906 21:31:13.776" endtime="20230906 21:31:14.665"/>
</kw>
<kw name="Error message should be visible" library="login_resources">
<kw name="Page Should Contain" library="SeleniumLibrary">
<arg>Login was unsuccessful</arg>
<doc>Verifies that current page contains ``text``.</doc>
<msg timestamp="20230906 21:31:14.708" level="INFO">Current page contains text 'Login was unsuccessful'.</msg>
<status status="PASS" starttime="20230906 21:31:14.666" endtime="20230906 21:31:14.708"/>
</kw>
<status status="PASS" starttime="20230906 21:31:14.665" endtime="20230906 21:31:14.708"/>
</kw>
<status status="PASS" starttime="20230906 21:31:13.231" endtime="20230906 21:31:14.708"/>
</kw>
<status status="PASS" starttime="20230906 21:31:13.228" endtime="20230906 21:31:14.710"/>
</test>
<test id="s1-t3" name="LoginTestwithExcel using adm123@yourstore.com and adm" line="13">
<kw name="Invalid login">
<arg>adm123@yourstore.com</arg>
<arg>adm</arg>
<kw name="Input username" library="login_resources">
<arg>${username}</arg>
<kw name="Input Text" library="SeleniumLibrary">
<arg>id:Email</arg>
<arg>${username}</arg>
<doc>Types the given ``text`` into the text field identified by ``locator``.</doc>
<msg timestamp="20230906 21:31:14.718" level="INFO">Typing text 'adm123@yourstore.com' into text field 'id:Email'.</msg>
<status status="PASS" starttime="20230906 21:31:14.717" endtime="20230906 21:31:14.995"/>
</kw>
<status status="PASS" starttime="20230906 21:31:14.716" endtime="20230906 21:31:14.995"/>
</kw>
<kw name="Input pwd" library="login_resources">
<arg>${password}</arg>
<kw name="Input Text" library="SeleniumLibrary">
<arg>id:Password</arg>
<arg>${password}</arg>
<doc>Types the given ``text`` into the text field identified by ``locator``.</doc>
<msg timestamp="20230906 21:31:14.997" level="INFO">Typing text 'adm' into text field 'id:Password'.</msg>
<status status="PASS" starttime="20230906 21:31:14.996" endtime="20230906 21:31:15.280"/>
</kw>
<status status="PASS" starttime="20230906 21:31:14.995" endtime="20230906 21:31:15.280"/>
</kw>
<kw name="click login button" library="login_resources">
<kw name="Click Element" library="SeleniumLibrary">
<arg>xpath://button[text()='Log in']</arg>
<doc>Click the element identified by ``locator``.</doc>
<msg timestamp="20230906 21:31:15.282" level="INFO">Clicking element 'xpath://button[text()='Log in']'.</msg>
<status status="PASS" starttime="20230906 21:31:15.281" endtime="20230906 21:31:20.182"/>
</kw>
<status status="PASS" starttime="20230906 21:31:15.280" endtime="20230906 21:31:20.182"/>
</kw>
<kw name="Error message should be visible" library="login_resources">
<kw name="Page Should Contain" library="SeleniumLibrary">
<arg>Login was unsuccessful</arg>
<doc>Verifies that current page contains ``text``.</doc>
<msg timestamp="20230906 21:31:20.212" level="INFO">Current page contains text 'Login was unsuccessful'.</msg>
<status status="PASS" starttime="20230906 21:31:20.183" endtime="20230906 21:31:20.213"/>
</kw>
<status status="PASS" starttime="20230906 21:31:20.182" endtime="20230906 21:31:20.213"/>
</kw>
<status status="PASS" starttime="20230906 21:31:14.716" endtime="20230906 21:31:20.213"/>
</kw>
<status status="PASS" starttime="20230906 21:31:14.714" endtime="20230906 21:31:20.222"/>
</test>
<kw name="Close Browsers" library="login_resources" type="TEARDOWN">
<kw name="Close All Browsers" library="SeleniumLibrary">
<doc>Closes all open browsers and resets the browser cache.</doc>
<status status="PASS" starttime="20230906 21:31:20.246" endtime="20230906 21:31:27.883"/>
</kw>
<status status="PASS" starttime="20230906 21:31:20.246" endtime="20230906 21:31:27.883"/>
</kw>
<status status="PASS" starttime="20230906 21:30:03.275" endtime="20230906 21:31:27.883"/>
</suite>
<statistics>
<total>
<stat pass="3" fail="0" skip="0">All Tests</stat>
</total>
<tag>
</tag>
<suite>
<stat pass="3" fail="0" skip="0" id="s1" name="DDT3 excel">DDT3 excel</stat>
</suite>
</statistics>
<errors>
</errors>
</robot>
